2025-10-05 13:55:06,051 - INFO - Processing sheet: Aug 25 Batches
2025-10-05 13:55:06,717 - INFO - Processing sheet: Sep 25 Batches
2025-10-05 13:55:07,811 - ERROR - Failed to send message: 403, {"error":{"code":"Forbidden","message":"Missing scope permissions on the request. API requires one of 'ChatMessage.Send, Chat.ReadWrite'. Scopes on the request 'Application.ReadWrite.All, AppRoleAssignment.ReadWrite.All, AuditLog.Read.All, DelegatedPermissionGrant.ReadWrite.All, Directory.AccessAsUser.All, email, Group.ReadWrite.All, openid, profile, User.Read.All, User.ReadWrite.All'","innerError":{"date":"2025-10-05T08:25:07","request-id":"a3c746e2-cae5-4a80-9898-3acb44ff7d04","client-request-id":"a3c746e2-cae5-4a80-9898-3acb44ff7d04"}}}
2025-10-05 13:55:37,217 - INFO - Processing sheet: Aug 25 Batches
2025-10-05 13:55:37,945 - INFO - Processing sheet: Sep 25 Batches
2025-10-05 13:55:38,972 - ERROR - Failed to send message: 403, {"error":{"code":"Forbidden","message":"Missing scope permissions on the request. API requires one of 'ChatMessage.Send, Chat.ReadWrite'. Scopes on the request 'Application.ReadWrite.All, AppRoleAssignment.ReadWrite.All, AuditLog.Read.All, DelegatedPermissionGrant.ReadWrite.All, Directory.AccessAsUser.All, email, Group.ReadWrite.All, openid, profile, User.Read.All, User.ReadWrite.All'","innerError":{"date":"2025-10-05T08:25:38","request-id":"43bccd80-e69f-4575-ab8d-2163c66b110a","client-request-id":"43bccd80-e69f-4575-ab8d-2163c66b110a"}}}
2025-10-05 13:56:44,014 - INFO - Processing sheet: Aug 25 Batches
2025-10-05 13:56:44,691 - INFO - Processing sheet: Sep 25 Batches
2025-10-05 13:56:45,815 - ERROR - Failed to send message: 403, {"error":{"code":"Forbidden","message":"Missing scope permissions on the request. API requires one of 'ChatMessage.Send, Chat.ReadWrite'. Scopes on the request 'Application.ReadWrite.All, AppRoleAssignment.ReadWrite.All, AuditLog.Read.All, DelegatedPermissionGrant.ReadWrite.All, Directory.AccessAsUser.All, email, Group.ReadWrite.All, openid, profile, User.Read.All, User.ReadWrite.All'","innerError":{"date":"2025-10-05T08:26:45","request-id":"6c7b123d-f1b6-47a5-b6b3-232603484591","client-request-id":"6c7b123d-f1b6-47a5-b6b3-232603484591"}}}
2025-10-05 13:58:02,992 - INFO - Processing sheet: Aug 25 Batches
2025-10-05 13:58:03,684 - INFO - Processing sheet: Sep 25 Batches
2025-10-05 13:58:04,933 - ERROR - Failed to send message: 403, {"error":{"code":"Forbidden","message":"Missing scope permissions on the request. API requires one of 'ChatMessage.Send, Chat.ReadWrite'. Scopes on the request 'Application.ReadWrite.All, AppRoleAssignment.ReadWrite.All, AuditLog.Read.All, DelegatedPermissionGrant.ReadWrite.All, Directory.AccessAsUser.All, email, Group.ReadWrite.All, openid, profile, User.Read.All, User.ReadWrite.All'","innerError":{"date":"2025-10-05T08:28:04","request-id":"e48d1877-1a01-4aa6-b277-745c24a2d7ee","client-request-id":"e48d1877-1a01-4aa6-b277-745c24a2d7ee"}}}
2025-10-05 13:59:01,313 - INFO - Processing sheet: Aug 25 Batches
2025-10-05 13:59:01,985 - INFO - Processing sheet: Sep 25 Batches
2025-10-05 13:59:03,013 - ERROR - Failed to send message: 403, {"error":{"code":"Forbidden","message":"Missing scope permissions on the request. API requires one of 'ChatMessage.Send, Chat.ReadWrite'. Scopes on the request 'Application.ReadWrite.All, AppRoleAssignment.ReadWrite.All, AuditLog.Read.All, DelegatedPermissionGrant.ReadWrite.All, Directory.AccessAsUser.All, email, Group.ReadWrite.All, openid, profile, User.Read.All, User.ReadWrite.All'","innerError":{"date":"2025-10-05T08:29:03","request-id":"03743b4e-19ba-4c40-9485-d27006cdffab","client-request-id":"03743b4e-19ba-4c40-9485-d27006cdffab"}}}
2025-10-05 14:00:02,829 - INFO - Processing sheet: Aug 25 Batches
2025-10-05 14:00:03,759 - INFO - Processing sheet: Sep 25 Batches
2025-10-05 14:00:04,932 - ERROR - Failed to send message: 403, {"error":{"code":"Forbidden","message":"Missing scope permissions on the request. API requires one of 'ChatMessage.Send, Chat.ReadWrite'. Scopes on the request 'Application.ReadWrite.All, AppRoleAssignment.ReadWrite.All, AuditLog.Read.All, DelegatedPermissionGrant.ReadWrite.All, Directory.AccessAsUser.All, email, Group.ReadWrite.All, openid, profile, User.Read.All, User.ReadWrite.All'","innerError":{"date":"2025-10-05T08:30:04","request-id":"60c7426c-809d-4028-973f-a8d5a2a61f07","client-request-id":"60c7426c-809d-4028-973f-a8d5a2a61f07"}}}
2025-10-05 14:01:01,577 - INFO - Processing sheet: Aug 25 Batches
2025-10-05 14:01:02,326 - INFO - Processing sheet: Sep 25 Batches
2025-10-05 14:01:03,491 - ERROR - Failed to send message: 403, {"error":{"code":"Forbidden","message":"Missing scope permissions on the request. API requires one of 'ChatMessage.Send, Chat.ReadWrite'. Scopes on the request 'Application.ReadWrite.All, AppRoleAssignment.ReadWrite.All, AuditLog.Read.All, DelegatedPermissionGrant.ReadWrite.All, Directory.AccessAsUser.All, email, Group.ReadWrite.All, openid, profile, User.Read.All, User.ReadWrite.All'","innerError":{"date":"2025-10-05T08:31:03","request-id":"635f62f5-6061-4251-8471-4bccda28ed45","client-request-id":"635f62f5-6061-4251-8471-4bccda28ed45"}}}
2025-10-05 14:02:01,993 - INFO - Processing sheet: Aug 25 Batches
2025-10-05 14:02:04,102 - INFO - Processing sheet: Sep 25 Batches
2025-10-05 14:02:05,162 - ERROR - Failed to send message: 403, {"error":{"code":"Forbidden","message":"Missing scope permissions on the request. API requires one of 'ChatMessage.Send, Chat.ReadWrite'. Scopes on the request 'Application.ReadWrite.All, AppRoleAssignment.ReadWrite.All, AuditLog.Read.All, DelegatedPermissionGrant.ReadWrite.All, Directory.AccessAsUser.All, email, Group.ReadWrite.All, openid, profile, User.Read.All, User.ReadWrite.All'","innerError":{"date":"2025-10-05T08:32:05","request-id":"45be3213-a833-4a0c-a726-76845b2a37a0","client-request-id":"45be3213-a833-4a0c-a726-76845b2a37a0"}}}
2025-10-05 14:03:01,722 - ERROR - Error in main process: unsupported operand type(s) for -: 'datetime.date' and 'int'
Traceback (most recent call last):
  File "/Users/divakar/Desktop/MicrosoftFileReader/dateFetch.py", line 372, in main
    today = datetime.today().date() -1
            ~~~~~~~~~~~~~~~~~~~~~~~~^~
TypeError: unsupported operand type(s) for -: 'datetime.date' and 'int'
2025-10-05 14:04:03,768 - INFO - Processing sheet: Aug 25 Batches
2025-10-05 14:04:04,461 - INFO - Processing sheet: Sep 25 Batches
2025-10-05 14:04:26,166 - ERROR - Failed to send message: 403, {"error":{"code":"Forbidden","message":"Missing scope permissions on the request. API requires one of 'ChatMessage.Send, Chat.ReadWrite'. Scopes on the request 'Application.ReadWrite.All, AppRoleAssignment.ReadWrite.All, AuditLog.Read.All, DelegatedPermissionGrant.ReadWrite.All, Directory.AccessAsUser.All, email, Group.ReadWrite.All, openid, profile, User.Read.All, User.ReadWrite.All'","innerError":{"date":"2025-10-05T08:34:26","request-id":"a83a807a-0647-42b4-8f16-643dbf1322fe","client-request-id":"a83a807a-0647-42b4-8f16-643dbf1322fe"}}}
2025-10-05 14:05:02,869 - INFO - Processing sheet: Aug 25 Batches
2025-10-05 14:05:03,589 - INFO - Processing sheet: Sep 25 Batches
2025-10-05 14:05:25,402 - ERROR - Failed to send message: 403, {"error":{"code":"Forbidden","message":"Missing scope permissions on the request. API requires one of 'ChatMessage.Send, Chat.ReadWrite'. Scopes on the request 'Application.ReadWrite.All, AppRoleAssignment.ReadWrite.All, AuditLog.Read.All, DelegatedPermissionGrant.ReadWrite.All, Directory.AccessAsUser.All, email, Group.ReadWrite.All, openid, profile, User.Read.All, User.ReadWrite.All'","innerError":{"date":"2025-10-05T08:35:25","request-id":"aa678112-9012-4019-8e17-edc2a677bad8","client-request-id":"aa678112-9012-4019-8e17-edc2a677bad8"}}}
2025-10-05 14:06:02,018 - INFO - Processing sheet: Aug 25 Batches
2025-10-05 14:06:03,050 - INFO - Processing sheet: Sep 25 Batches
2025-10-05 14:06:25,515 - ERROR - Failed to send message: 403, {"error":{"code":"Forbidden","message":"Missing scope permissions on the request. API requires one of 'ChatMessage.Send, Chat.ReadWrite'. Scopes on the request 'Application.ReadWrite.All, AppRoleAssignment.ReadWrite.All, AuditLog.Read.All, DelegatedPermissionGrant.ReadWrite.All, Directory.AccessAsUser.All, email, Group.ReadWrite.All, openid, profile, User.Read.All, User.ReadWrite.All'","innerError":{"date":"2025-10-05T08:36:25","request-id":"4de269a6-bcce-4125-b76f-cef272860231","client-request-id":"4de269a6-bcce-4125-b76f-cef272860231"}}}
2025-10-05 14:07:02,039 - INFO - Processing sheet: Aug 25 Batches
2025-10-05 14:07:02,752 - INFO - Processing sheet: Sep 25 Batches
2025-10-05 14:07:23,723 - ERROR - Failed to send message: 403, {"error":{"code":"Forbidden","message":"Missing scope permissions on the request. API requires one of 'ChatMessage.Send, Chat.ReadWrite'. Scopes on the request 'Application.ReadWrite.All, AppRoleAssignment.ReadWrite.All, AuditLog.Read.All, DelegatedPermissionGrant.ReadWrite.All, Directory.AccessAsUser.All, email, Group.ReadWrite.All, openid, profile, User.Read.All, User.ReadWrite.All'","innerError":{"date":"2025-10-05T08:37:23","request-id":"1a0342ea-e758-4659-9b8c-628c3ababb1d","client-request-id":"1a0342ea-e758-4659-9b8c-628c3ababb1d"}}}
